<?xml version="1.0" encoding="UTF-8"?>
<testng-results ignored="0" total="1" passed="1" failed="0" skipped="0">
  <reporter-output>
  </reporter-output>
  <suite started-at="2023-05-31T12:16:26 IST" name="Surefire suite" finished-at="2023-05-31T12:16:26 IST" duration-ms="76">
    <groups>
    </groups>
    <test started-at="2023-05-31T12:16:26 IST" name="Surefire test" finished-at="2023-05-31T12:16:26 IST" duration-ms="76">
      <class name="com.app.AppTest">
        <test-method signature="shouldAnswerWithTrue()" started-at="2023-05-31T12:16:26 IST" name="shouldAnswerWithTrue" finished-at="2023-05-31T12:16:26 IST" duration-ms="8" status="PASS">
          <reporter-output>
          </reporter-output>
        </test-method> <!-- shouldAnswerWithTrue -->
      </class> <!-- com.app.AppTest -->
    </test> <!-- Surefire test -->
  </suite> <!-- Surefire suite -->
</testng-results>
